TN:
SF:src/utils/common.ts
FN:7,isMessageRelated
FN:21,getMatchedMessages
FN:31,getContextObjectFromMessage
FN:40,getSummarizationPrompt
FNF:4
FNH:4
FNDA:16,isMessageRelated
FNDA:7,getMatchedMessages
FNDA:1,getContextObjectFromMessage
FNDA:1,getSummarizationPrompt
DA:1,1
DA:2,1
DA:3,1
DA:4,1
DA:5,1
DA:6,1
DA:7,16
DA:8,16
DA:9,16
DA:10,16
DA:11,16
DA:12,16
DA:13,16
DA:14,16
DA:15,16
DA:16,13
DA:17,13
DA:18,16
DA:19,16
DA:20,1
DA:21,7
DA:22,7
DA:23,7
DA:24,7
DA:25,7
DA:26,7
DA:27,7
DA:28,7
DA:29,7
DA:30,1
DA:31,1
DA:32,1
DA:33,1
DA:34,1
DA:35,1
DA:36,1
DA:37,1
DA:38,1
DA:39,1
DA:40,1
DA:41,1
DA:42,1
DA:43,1
DA:44,1
DA:45,1
DA:46,1
DA:47,1
DA:48,1
LF:48
LH:48
BRDA:7,0,0,16
BRDA:15,1,0,10
BRDA:15,2,0,8
BRDA:15,3,0,13
BRDA:16,4,0,5
BRDA:21,5,0,7
BRDA:28,6,0,13
BRDA:31,7,0,1
BRDA:40,8,0,1
BRDA:44,9,0,2
BRF:10
BRH:10
end_of_record
TN:
SF:src/utils/context.ts
FNF:0
FNH:0
DA:1,1
DA:2,1
DA:3,1
DA:4,1
DA:5,1
DA:6,1
DA:7,1
DA:8,1
DA:9,1
DA:10,1
DA:11,1
DA:12,1
DA:13,1
DA:14,1
DA:15,1
DA:16,1
DA:17,1
DA:18,1
DA:19,1
DA:20,1
DA:21,1
DA:22,1
DA:23,1
DA:24,1
LF:24
LH:24
BRF:0
BRH:0
end_of_record
